K:\DMU_2016\IMAT3111_2016\WEEK7_CAMERACLASS\TEAPOTAD_COMPLETE\TEAPOTAD\DEBUG\TEAPOTAD.PCH
K:\DMU_2016\IMAT3111_2016\WEEK7_CAMERACLASS\TEAPOTAD_COMPLETE\TEAPOTAD\DEBUG\STDAFX.OBJ
K:\DMU_2016\IMAT3111_2016\WEEK7_CAMERACLASS\TEAPOTAD_COMPLETE\TEAPOTAD\DEBUG\VC110.PDB
K:\DMU_2016\IMAT3111_2016\WEEK7_CAMERACLASS\TEAPOTAD_COMPLETE\TEAPOTAD\DEBUG\BITMAP.OBJ
K:\DMU_2016\IMAT3111_2016\WEEK7_CAMERACLASS\TEAPOTAD_COMPLETE\TEAPOTAD\DEBUG\CAMERA.OBJ
K:\DMU_2016\IMAT3111_2016\WEEK7_CAMERACLASS\TEAPOTAD_COMPLETE\TEAPOTAD\DEBUG\DRAWABLE.OBJ
K:\DMU_2016\IMAT3111_2016\WEEK7_CAMERACLASS\TEAPOTAD_COMPLETE\TEAPOTAD\DEBUG\GLSLPROGRAM.OBJ
K:\DMU_2016\IMAT3111_2016\WEEK7_CAMERACLASS\TEAPOTAD_COMPLETE\TEAPOTAD\DEBUG\GLUTILS.OBJ
K:\DMU_2016\IMAT3111_2016\WEEK7_CAMERACLASS\TEAPOTAD_COMPLETE\TEAPOTAD\DEBUG\GL_CORE_4_3.OBJ
K:\DMU_2016\IMAT3111_2016\WEEK7_CAMERACLASS\TEAPOTAD_COMPLETE\TEAPOTAD\DEBUG\TEXTURE.OBJ
K:\DMU_2016\IMAT3111_2016\WEEK7_CAMERACLASS\TEAPOTAD_COMPLETE\TEAPOTAD\DEBUG\VBOPLANE.OBJ
K:\DMU_2016\IMAT3111_2016\WEEK7_CAMERACLASS\TEAPOTAD_COMPLETE\TEAPOTAD\DEBUG\VBOTEAPOT.OBJ
K:\DMU_2016\IMAT3111_2016\WEEK7_CAMERACLASS\TEAPOTAD_COMPLETE\TEAPOTAD\DEBUG\QUATCAMERA.OBJ
K:\DMU_2016\IMAT3111_2016\WEEK7_CAMERACLASS\TEAPOTAD_COMPLETE\TEAPOTAD\DEBUG\TEAPOTAD.OBJ
K:\DMU_2016\IMAT3111_2016\WEEK7_CAMERACLASS\TEAPOTAD_COMPLETE\TEAPOTAD\DEBUG\SCENEDIFFUSE.OBJ
K:\DMU_2016\IMAT3111_2016\WEEK7_CAMERACLASS\TEAPOTAD_COMPLETE\DEBUG\TEAPOTAD.ILK
K:\DMU_2016\IMAT3111_2016\WEEK7_CAMERACLASS\TEAPOTAD_COMPLETE\DEBUG\TEAPOTAD.EXE
K:\DMU_2016\IMAT3111_2016\WEEK7_CAMERACLASS\TEAPOTAD_COMPLETE\DEBUG\TEAPOTAD.PDB
K:\DMU_2016\IMAT3111_2016\Week7_CameraClass\TeapotAD_Complete\TeapotAD\Debug\stdafx.obj
K:\DMU_2016\IMAT3111_2016\Week7_CameraClass\TeapotAD_Complete\TeapotAD\Debug\Bitmap.obj
K:\DMU_2016\IMAT3111_2016\Week7_CameraClass\TeapotAD_Complete\TeapotAD\Debug\camera.obj
K:\DMU_2016\IMAT3111_2016\Week7_CameraClass\TeapotAD_Complete\TeapotAD\Debug\drawable.obj
K:\DMU_2016\IMAT3111_2016\Week7_CameraClass\TeapotAD_Complete\TeapotAD\Debug\glslprogram.obj
K:\DMU_2016\IMAT3111_2016\Week7_CameraClass\TeapotAD_Complete\TeapotAD\Debug\glutils.obj
K:\DMU_2016\IMAT3111_2016\Week7_CameraClass\TeapotAD_Complete\TeapotAD\Debug\gl_core_4_3.obj
K:\DMU_2016\IMAT3111_2016\Week7_CameraClass\TeapotAD_Complete\TeapotAD\Debug\Texture.obj
K:\DMU_2016\IMAT3111_2016\Week7_CameraClass\TeapotAD_Complete\TeapotAD\Debug\vboplane.obj
K:\DMU_2016\IMAT3111_2016\Week7_CameraClass\TeapotAD_Complete\TeapotAD\Debug\vboteapot.obj
K:\DMU_2016\IMAT3111_2016\Week7_CameraClass\TeapotAD_Complete\TeapotAD\Debug\TeapotAD.obj
K:\DMU_2016\IMAT3111_2016\Week7_CameraClass\TeapotAD_Complete\TeapotAD\Debug\scenediffuse.obj
K:\DMU_2016\IMAT3111_2016\Week7_CameraClass\TeapotAD_Complete\TeapotAD\Debug\QuatCamera.obj
K:\DMU_2016\IMAT3111_2016\Week7_CameraClass\TeapotAD_Complete\TeapotAD\Debug\CL.read.1.tlog
K:\DMU_2016\IMAT3111_2016\Week7_CameraClass\TeapotAD_Complete\TeapotAD\Debug\CL.write.1.tlog
K:\DMU_2016\IMAT3111_2016\Week7_CameraClass\TeapotAD_Complete\TeapotAD\Debug\cl.command.1.tlog
K:\DMU_2016\IMAT3111_2016\Week7_CameraClass\TeapotAD_Complete\TeapotAD\Debug\link-rc.read.1.tlog
K:\DMU_2016\IMAT3111_2016\Week7_CameraClass\TeapotAD_Complete\TeapotAD\Debug\link-rc.write.1.tlog
K:\DMU_2016\IMAT3111_2016\Week7_CameraClass\TeapotAD_Complete\TeapotAD\Debug\link-cvtres.read.1.tlog
K:\DMU_2016\IMAT3111_2016\Week7_CameraClass\TeapotAD_Complete\TeapotAD\Debug\link-cvtres.write.1.tlog
K:\DMU_2016\IMAT3111_2016\Week7_CameraClass\TeapotAD_Complete\TeapotAD\Debug\link.read.1.tlog
K:\DMU_2016\IMAT3111_2016\Week7_CameraClass\TeapotAD_Complete\TeapotAD\Debug\link.write.1.tlog
K:\DMU_2016\IMAT3111_2016\Week7_CameraClass\TeapotAD_Complete\TeapotAD\Debug\link.command.1.tlog
K:\DMU_2016\IMAT3111_2016\Week7_CameraClass\TeapotAD_Complete\TeapotAD\Debug\TeapotAD.pch
K:\DMU_2016\IMAT3111_2016\Week7_CameraClass\TeapotAD_Complete\TeapotAD\Debug\vc110.idb
K:\DMU_2016\IMAT3111_2016\Week7_CameraClass\TeapotAD_Complete\TeapotAD\Debug\vc110.pdb
K:\DMU_2016\IMAT3111_2016\Week7_CameraClass\TeapotAD_Complete\Debug\TeapotAD.pdb
K:\DMU_2016\IMAT3111_2016\Week7_CameraClass\TeapotAD_Complete\Debug\TeapotAD.exe
K:\DMU_2016\IMAT3111_2016\Week7_CameraClass\TeapotAD_Complete\Debug\TeapotAD.ilk
